---------------------------------------------------------------
[ 2018-10-30T14:21:18+08:00 ] 119.137.55.41 GET /admin/login.html
[ info ] wx.p-city.cn/admin/login.html [运行时间：0.106585s][吞吐率：9.38req/s] [内存消耗：3,224.44kb] [文件加载：57]
[ info ] [ LANG ] D:\Program Files\web\pengcheng\thinkphp\lang\zh-cn.php
[ info ] [ ROUTE ] array (
  'type' => 'module',
  'module' => 
  array (
    0 => 'admin',
    1 => 'login',
    2 => NULL,
  ),
)
[ info ] [ HEADER ] array (
  'content-type' => '',
  'content-length' => '0',
  'x-original-url' => '/admin/login.html',
  'upgrade-insecure-requests' => '1',
  'user-agent' => 'Mozilla/5.0 (Windows NT 10.0; Win64; x64) AppleWebKit/537.36 (KHTML, like Gecko) Chrome/70.0.3538.77 Safari/537.36',
  'host' => 'wx.p-city.cn',
  'accept-language' => 'zh-CN,zh;q=0.9',
  'accept-encoding' => 'gzip, deflate',
  'accept' => 'text/html,application/xhtml+xml,application/xml;q=0.9,image/webp,image/apng,*/*;q=0.8',
  'connection' => 'keep-alive',
)
[ info ] [ PARAM ] array (
)
[ info ] [ SESSION ] INIT array (
  'id' => '',
  'var_session_id' => '',
  'prefix' => 'think',
  'type' => '',
  'auto_start' => true,
)
[ info ] [ BEHAVIOR ] Run hook\AccessAuth @action_begin [ RunTime:0.000608s ]
[ info ] [ RUN ] app\admin\controller\Login->index[ D:\Program Files\web\pengcheng\application\admin\controller\Login.php ]
[ info ] [ VIEW ] D:\Program Files\web\pengcheng\public/../application/admin\view\login.index.html [ array (
  0 => 'classuri',
  1 => 'title',
) ]
[ info ] [ DB ] INIT mysql
[ info ] [ BEHAVIOR ] Run hook\FilterView @view_filter [ RunTime:0.000811s ]
[ info ] [ LOG ] INIT File
---------------------------------------------------------------
[ 2018-10-30T14:23:00+08:00 ] 119.137.55.41 GET /
[ info ] wx.p-city.cn/ [运行时间：0.061098s][吞吐率：16.37req/s] [内存消耗：3,255.30kb] [文件加载：56]
[ info ] [ LANG ] D:\Program Files\web\pengcheng\thinkphp\lang\zh-cn.php
[ info ] [ ROUTE ] array (
  'type' => 'module',
  'module' => 
  array (
    0 => '',
    1 => NULL,
    2 => NULL,
  ),
)
[ info ] [ HEADER ] array (
  'content-type' => '',
  'content-length' => '0',
  'upgrade-insecure-requests' => '1',
  'user-agent' => 'Mozilla/5.0 (iPhone; CPU iPhone OS 10_2 like Mac OS X) AppleWebKit/602.3.12 (KHTML, like Gecko) Mobile/14C92 Safari/601.1 wechatdevtools/1.02.1809111 MicroMessenger/6.5.7 Language/zh_CN webview/15408806094486427 webdebugger port/49361',
  'host' => 'wx.p-city.cn',
  'accept-language' => 'zh-CN,zh;q=0.8',
  'accept-encoding' => 'gzip, deflate',
  'accept' => 'text/html,application/xhtml+xml,application/xml;q=0.9,image/webp,image/apng,*/*;q=0.8',
  'pragma' => 'no-cache',
  'connection' => 'keep-alive',
  'cache-control' => 'no-cache',
)
[ info ] [ PARAM ] array (
)
[ info ] [ SESSION ] INIT array (
  'id' => '',
  'var_session_id' => '',
  'prefix' => 'think',
  'type' => '',
  'auto_start' => true,
)
[ info ] [ DB ] INIT mysql
[ info ] [ LOG ] INIT File
---------------------------------------------------------------
[ 2018-10-30T14:23:04+08:00 ] 119.137.55.41 GET /index/index/index.html?code=001731kt0JVmXc188Kkt0JKWjt0731ku&state=
[ info ] wx.p-city.cn/index/index/index.html?code=001731kt0JVmXc188Kkt0JKWjt0731ku&state= [运行时间：1.047500s][吞吐率：0.95req/s] [内存消耗：3,396.78kb] [文件加载：62]
[ info ] [ LANG ] D:\Program Files\web\pengcheng\thinkphp\lang\zh-cn.php
[ info ] [ ROUTE ] array (
  'type' => 'module',
  'module' => 
  array (
    0 => 'index',
    1 => 'index',
    2 => 'index',
  ),
)
[ info ] [ HEADER ] array (
  'content-type' => '',
  'content-length' => '0',
  'x-original-url' => '/index/index/index.html?code=001731kt0JVmXc188Kkt0JKWjt0731ku&state=',
  'upgrade-insecure-requests' => '1',
  'user-agent' => 'Mozilla/5.0 (iPhone; CPU iPhone OS 10_2 like Mac OS X) AppleWebKit/602.3.12 (KHTML, like Gecko) Mobile/14C92 Safari/601.1 wechatdevtools/1.02.1809111 MicroMessenger/6.5.7 Language/zh_CN webview/15408806094486427 webdebugger port/49361',
  'host' => 'wx.p-city.cn',
  'cookie' => 'PHPSESSID=6hnb6pfi893konkp1bcd68q2l1',
  'accept-language' => 'zh-CN,zh;q=0.8',
  'accept-encoding' => 'gzip, deflate',
  'accept' => 'text/html,application/xhtml+xml,application/xml;q=0.9,image/webp,image/apng,*/*;q=0.8',
  'pragma' => 'no-cache',
  'connection' => 'keep-alive',
  'cache-control' => 'no-cache',
)
[ info ] [ PARAM ] array (
  'code' => '001731kt0JVmXc188Kkt0JKWjt0731ku',
  'state' => '',
)
[ info ] [ SESSION ] INIT array (
  'id' => '',
  'var_session_id' => '',
  'prefix' => 'think',
  'type' => '',
  'auto_start' => true,
)
[ info ] [ DB ] INIT mysql
[ info ] [ BEHAVIOR ] Run hook\AccessAuth @action_begin [ RunTime:0.000730s ]
[ info ] [ RUN ] app\index\controller\Index->index[ D:\Program Files\web\pengcheng\application\index\controller\Index.php ]
[ info ] [ VIEW ] D:\Program Files\web\pengcheng\public/frontEnd/mobile/index\index.html [ array (
  0 => 'classuri',
  1 => 'speaking',
  2 => 'desc',
  3 => 'contact',
  4 => 'banners',
  5 => 'title',
) ]
[ info ] [ BEHAVIOR ] Run hook\FilterView @view_filter [ RunTime:0.000678s ]
[ info ] [ LOG ] INIT File
---------------------------------------------------------------
[ 2018-10-30T14:23:05+08:00 ] 119.137.55.41 GET /static/plugs/swiper.min.js.map
[ info ] wx.p-city.cn/static/plugs/swiper.min.js.map [运行时间：0.034541s][吞吐率：28.95req/s] [内存消耗：1,788.86kb] [文件加载：39]
[ info ] [ LANG ] D:\Program Files\web\pengcheng\thinkphp\lang\zh-cn.php
[ info ] [ ROUTE ] array (
  'type' => 'module',
  'module' => 
  array (
    0 => 'static',
    1 => 'plugs',
    2 => 'swiper.min.js.map',
  ),
)
[ info ] [ HEADER ] array (
  'content-type' => '',
  'content-length' => '0',
  'x-original-url' => '/static/plugs/swiper.min.js.map',
  'user-agent' => 'Mozilla/5.0 (Windows NT 10.0; Win64; x64) AppleWebKit/537.36 (KHTML, like Gecko) Chrome/60.0.3112.113 Safari/537.36',
  'host' => 'wx.p-city.cn',
  'cookie' => 'PHPSESSID=ges21b8373i1vm4r3uptqmo046',
  'accept-language' => 'zh-CN,zh;q=0.8',
  'accept-encoding' => 'gzip, deflate',
  'connection' => 'keep-alive',
  'cache-control' => 'no-cache',
)
[ info ] [ PARAM ] array (
)
[ info ] [ LOG ] INIT File
---------------------------------------------------------------
[ 2018-10-30T14:23:09+08:00 ] 119.137.55.41 GET /favicon.ico
[ info ] wx.p-city.cn/favicon.ico [运行时间：0.037444s][吞吐率：26.71req/s] [内存消耗：1,790.03kb] [文件加载：39]
[ info ] [ LANG ] D:\Program Files\web\pengcheng\thinkphp\lang\zh-cn.php
[ info ] [ ROUTE ] array (
  'type' => 'module',
  'module' => 
  array (
    0 => 'favicon.ico',
    1 => NULL,
    2 => NULL,
  ),
)
[ info ] [ HEADER ] array (
  'content-type' => '',
  'content-length' => '0',
  'x-original-url' => '/favicon.ico',
  'user-agent' => 'Mozilla/5.0 (iPhone; CPU iPhone OS 10_2 like Mac OS X) AppleWebKit/602.3.12 (KHTML, like Gecko) Mobile/14C92 Safari/601.1 wechatdevtools/1.02.1809111 MicroMessenger/6.5.7 Language/zh_CN webview/15408806094486427 webdebugger port/49361',
  'referer' => 'http://wx.p-city.cn/index/index/index.html?code=001731kt0JVmXc188Kkt0JKWjt0731ku&state=',
  'host' => 'wx.p-city.cn',
  'cookie' => 'PHPSESSID=6hnb6pfi893konkp1bcd68q2l1',
  'accept-language' => 'zh-CN,zh;q=0.8',
  'accept-encoding' => 'gzip, deflate',
  'accept' => 'image/webp,image/apng,image/*,*/*;q=0.8',
  'pragma' => 'no-cache',
  'connection' => 'keep-alive',
  'cache-control' => 'no-cache',
)
[ info ] [ PARAM ] array (
)
[ info ] [ LOG ] INIT File
