---------------------------------------------------------------
[ 2018-09-27T02:37:40+08:00 ] 80.82.70.187 GET /cache/global/img/gs.gif
[ info ] www.baidu.com/cache/global/img/gs.gif [运行时间：0.032940s][吞吐率：30.36req/s] [内存消耗：1,786.90kb] [文件加载：39]
[ info ] [ LANG ] D:\Program Files\web\pengcheng\thinkphp\lang\zh-cn.php
[ info ] [ ROUTE ] array (
  'type' => 'module',
  'module' => 
  array (
    0 => 'cache',
    1 => 'global',
    2 => 'img',
  ),
)
[ info ] [ HEADER ] array (
  'content-type' => '',
  'content-length' => '0',
  'x-original-url' => '/cache/global/img/gs.gif',
  'user-agent' => 'Mozilla',
  'if-modified-since' => 'Thu, 19 Apr 2012 09:51:20 GMT',
  'host' => 'www.baidu.com',
)
[ info ] [ PARAM ] array (
)
[ info ] [ LOG ] INIT File
---------------------------------------------------------------
[ 2018-09-27T10:47:02+08:00 ] 119.137.54.178 GET /
[ info ] 122.114.216.78:8910/ [运行时间：0.110502s][吞吐率：9.05req/s] [内存消耗：3,182.70kb] [文件加载：56]
[ info ] [ LANG ] D:\Program Files\web\pengcheng\thinkphp\lang\zh-cn.php
[ info ] [ ROUTE ] array (
  'type' => 'module',
  'module' => 
  array (
    0 => '',
    1 => NULL,
    2 => NULL,
  ),
)
[ info ] [ HEADER ] array (
  'content-type' => '',
  'content-length' => '0',
  'upgrade-insecure-requests' => '1',
  'user-agent' => 'Mozilla/5.0 (iPhone; CPU iPhone OS 10_2 like Mac OS X) AppleWebKit/602.3.12 (KHTML, like Gecko) Mobile/14C92 Safari/601.1 wechatdevtools/1.02.1809111 MicroMessenger/6.5.7 Language/zh_CN webview/15378374311362131 webdebugger port/17405',
  'host' => '122.114.216.78:8910',
  'cookie' => 'PHPSESSID=7bakuu8bjpo4u0rkvr0krmpt53',
  'accept-language' => 'zh-CN,zh;q=0.8',
  'accept-encoding' => 'gzip, deflate',
  'accept' => 'text/html,application/xhtml+xml,application/xml;q=0.9,image/webp,image/apng,*/*;q=0.8',
  'pragma' => 'no-cache',
  'connection' => 'keep-alive',
  'cache-control' => 'no-cache',
)
[ info ] [ PARAM ] array (
)
[ info ] [ SESSION ] INIT array (
  'id' => '',
  'var_session_id' => '',
  'prefix' => 'think',
  'type' => '',
  'auto_start' => true,
)
[ info ] [ BEHAVIOR ] Run hook\AccessAuth @action_begin [ RunTime:0.000661s ]
[ info ] [ RUN ] app\index\controller\Index->index[ D:\Program Files\web\pengcheng\application\index\controller\Index.php ]
[ info ] [ DB ] INIT mysql
[ info ] [ VIEW ] D:\Program Files\web\pengcheng\public/frontEnd/mobile/index\index.html [ array (
  0 => 'classuri',
  1 => 'speaking',
  2 => 'desc',
  3 => 'contact',
  4 => 'banners',
  5 => 'title',
) ]
[ info ] [ BEHAVIOR ] Run hook\FilterView @view_filter [ RunTime:0.000925s ]
[ info ] [ LOG ] INIT File
---------------------------------------------------------------
[ 2018-09-27T10:47:04+08:00 ] 119.137.54.178 GET /static/plugs/swiper.min.js.map
[ info ] 122.114.216.78:8910/static/plugs/swiper.min.js.map [运行时间：0.031920s][吞吐率：31.33req/s] [内存消耗：1,788.98kb] [文件加载：39]
[ info ] [ LANG ] D:\Program Files\web\pengcheng\thinkphp\lang\zh-cn.php
[ info ] [ ROUTE ] array (
  'type' => 'module',
  'module' => 
  array (
    0 => 'static',
    1 => 'plugs',
    2 => 'swiper.min.js.map',
  ),
)
[ info ] [ HEADER ] array (
  'content-type' => '',
  'content-length' => '0',
  'x-original-url' => '/static/plugs/swiper.min.js.map',
  'user-agent' => 'Mozilla/5.0 (Windows NT 10.0; Win64; x64) AppleWebKit/537.36 (KHTML, like Gecko) Chrome/60.0.3112.113 Safari/537.36',
  'host' => '122.114.216.78:8910',
  'cookie' => 'PHPSESSID=1vc51p4ck7nu3cqpm4vdd47eh4',
  'accept-language' => 'zh-CN,zh;q=0.8',
  'accept-encoding' => 'gzip, deflate',
  'connection' => 'keep-alive',
  'cache-control' => 'no-cache',
)
[ info ] [ PARAM ] array (
)
[ info ] [ LOG ] INIT File
---------------------------------------------------------------
[ 2018-09-27T10:52:50+08:00 ] 119.137.54.178 GET /admin/index/main.html?spm=m-2-3
[ info ] 122.114.216.78:8910/admin/index/main.html?spm=m-2-3 [运行时间：0.039332s][吞吐率：25.42req/s] [内存消耗：2,324.63kb] [文件加载：51]
[ info ] [ LANG ] D:\Program Files\web\pengcheng\thinkphp\lang\zh-cn.php
[ info ] [ ROUTE ] array (
  'type' => 'module',
  'module' => 
  array (
    0 => 'admin',
    1 => 'index',
    2 => 'main',
  ),
)
[ info ] [ HEADER ] array (
  'content-type' => '',
  'content-length' => '0',
  'x-original-url' => '/admin/index/main.html?spm=m-2-3',
  'x-requested-with' => 'XMLHttpRequest',
  'user-agent' => 'Mozilla/5.0 (Windows NT 10.0; Win64; x64) AppleWebKit/537.36 (KHTML, like Gecko) Chrome/69.0.3497.100 Safari/537.36',
  'referer' => 'http://122.114.216.78:8910/admin.html',
  'host' => '122.114.216.78:8910',
  'cookie' => 'pma_navi_width=200; pma_lang=zh_CN; pma_mcrypt_iv=CISrehrZznw%3D; pmaUser-1=Ls17V3aGmbA%3D; PHPSESSID=dbvgl94op035eksqlerk01qph4; rows=20; pmaPass-1=lw5fmj9ii4SXv3P7BVly4Q%3D%3D; menu-style=full; phpMyAdmin=dbvgl94op035eksqlerk01qph4',
  'accept-language' => 'zh-CN,zh;q=0.9',
  'accept-encoding' => 'gzip, deflate',
  'accept' => '*/*',
  'connection' => 'keep-alive',
)
[ info ] [ PARAM ] array (
  'spm' => 'm-2-3',
)
[ info ] [ SESSION ] INIT array (
  'id' => '',
  'var_session_id' => '',
  'prefix' => 'think',
  'type' => '',
  'auto_start' => true,
)
[ info ] [ LOG ] INIT File
---------------------------------------------------------------
[ 2018-09-27T10:52:50+08:00 ] 119.137.54.178 GET /admin/login.html
[ info ] 122.114.216.78:8910/admin/login.html [运行时间：0.075489s][吞吐率：13.25req/s] [内存消耗：3,226.49kb] [文件加载：57]
[ info ] [ LANG ] D:\Program Files\web\pengcheng\thinkphp\lang\zh-cn.php
[ info ] [ ROUTE ] array (
  'type' => 'module',
  'module' => 
  array (
    0 => 'admin',
    1 => 'login',
    2 => NULL,
  ),
)
[ info ] [ HEADER ] array (
  'content-type' => '',
  'content-length' => '0',
  'x-original-url' => '/admin/login.html',
  'upgrade-insecure-requests' => '1',
  'user-agent' => 'Mozilla/5.0 (Windows NT 10.0; Win64; x64) AppleWebKit/537.36 (KHTML, like Gecko) Chrome/69.0.3497.100 Safari/537.36',
  'referer' => 'http://122.114.216.78:8910/admin.html',
  'host' => '122.114.216.78:8910',
  'cookie' => 'pma_navi_width=200; pma_lang=zh_CN; pma_mcrypt_iv=CISrehrZznw%3D; pmaUser-1=Ls17V3aGmbA%3D; PHPSESSID=dbvgl94op035eksqlerk01qph4; rows=20; pmaPass-1=lw5fmj9ii4SXv3P7BVly4Q%3D%3D; menu-style=full; phpMyAdmin=dbvgl94op035eksqlerk01qph4',
  'accept-language' => 'zh-CN,zh;q=0.9',
  'accept-encoding' => 'gzip, deflate',
  'accept' => 'text/html,application/xhtml+xml,application/xml;q=0.9,image/webp,image/apng,*/*;q=0.8',
  'connection' => 'keep-alive',
)
[ info ] [ PARAM ] array (
)
[ info ] [ SESSION ] INIT array (
  'id' => '',
  'var_session_id' => '',
  'prefix' => 'think',
  'type' => '',
  'auto_start' => true,
)
[ info ] [ BEHAVIOR ] Run hook\AccessAuth @action_begin [ RunTime:0.000506s ]
[ info ] [ RUN ] app\admin\controller\Login->index[ D:\Program Files\web\pengcheng\application\admin\controller\Login.php ]
[ info ] [ VIEW ] D:\Program Files\web\pengcheng\public/../application/admin\view\login.index.html [ array (
  0 => 'classuri',
  1 => 'title',
) ]
[ info ] [ DB ] INIT mysql
[ info ] [ BEHAVIOR ] Run hook\FilterView @view_filter [ RunTime:0.000658s ]
[ info ] [ LOG ] INIT File
---------------------------------------------------------------
[ 2018-09-27T10:53:03+08:00 ] 119.137.54.178 POST /admin/login.html?spm=
[ info ] 122.114.216.78:8910/admin/login.html?spm= [运行时间：0.330460s][吞吐率：3.03req/s] [内存消耗：3,432.24kb] [文件加载：64]
[ info ] [ LANG ] D:\Program Files\web\pengcheng\thinkphp\lang\zh-cn.php
[ info ] [ ROUTE ] array (
  'type' => 'module',
  'module' => 
  array (
    0 => 'admin',
    1 => 'login',
    2 => NULL,
  ),
)
[ info ] [ HEADER ] array (
  'content-type' => 'application/x-www-form-urlencoded; charset=UTF-8',
  'content-length' => '50',
  'x-original-url' => '/admin/login.html?spm=',
  'x-requested-with' => 'XMLHttpRequest',
  'origin' => 'http://122.114.216.78:8910',
  'user-agent' => 'Mozilla/5.0 (Windows NT 10.0; Win64; x64) AppleWebKit/537.36 (KHTML, like Gecko) Chrome/69.0.3497.100 Safari/537.36',
  'referer' => 'http://122.114.216.78:8910/admin/login.html',
  'host' => '122.114.216.78:8910',
  'cookie' => 'pma_navi_width=200; pma_lang=zh_CN; pma_mcrypt_iv=CISrehrZznw%3D; pmaUser-1=Ls17V3aGmbA%3D; PHPSESSID=dbvgl94op035eksqlerk01qph4; rows=20; pmaPass-1=lw5fmj9ii4SXv3P7BVly4Q%3D%3D; menu-style=full; phpMyAdmin=dbvgl94op035eksqlerk01qph4',
  'accept-language' => 'zh-CN,zh;q=0.9',
  'accept-encoding' => 'gzip, deflate',
  'accept' => '*/*',
  'connection' => 'keep-alive',
)
[ info ] [ PARAM ] array (
  'spm' => '',
  'username' => 'admin',
  'password' => '123456',
)
[ info ] [ SESSION ] INIT array (
  'id' => '',
  'var_session_id' => '',
  'prefix' => 'think',
  'type' => '',
  'auto_start' => true,
)
[ info ] [ BEHAVIOR ] Run hook\AccessAuth @action_begin [ RunTime:0.000517s ]
[ info ] [ RUN ] app\admin\controller\Login->index[ D:\Program Files\web\pengcheng\application\admin\controller\Login.php ]
[ info ] [ DB ] INIT mysql
[ info ] [ CACHE ] INIT File
[ info ] [ LOG ] INIT File
---------------------------------------------------------------
[ 2018-09-27T10:53:03+08:00 ] 119.137.54.178 GET /admin.html
[ info ] 122.114.216.78:8910/admin.html [运行时间：0.117210s][吞吐率：8.53req/s] [内存消耗：3,544.72kb] [文件加载：63]
[ info ] [ LANG ] D:\Program Files\web\pengcheng\thinkphp\lang\zh-cn.php
[ info ] [ ROUTE ] array (
  'type' => 'module',
  'module' => 
  array (
    0 => 'admin',
    1 => NULL,
    2 => NULL,
  ),
)
[ info ] [ HEADER ] array (
  'content-type' => '',
  'content-length' => '0',
  'x-original-url' => '/admin.html',
  'upgrade-insecure-requests' => '1',
  'user-agent' => 'Mozilla/5.0 (Windows NT 10.0; Win64; x64) AppleWebKit/537.36 (KHTML, like Gecko) Chrome/69.0.3497.100 Safari/537.36',
  'referer' => 'http://122.114.216.78:8910/admin/login.html',
  'host' => '122.114.216.78:8910',
  'cookie' => 'pma_navi_width=200; pma_lang=zh_CN; pma_mcrypt_iv=CISrehrZznw%3D; pmaUser-1=Ls17V3aGmbA%3D; PHPSESSID=dbvgl94op035eksqlerk01qph4; rows=20; pmaPass-1=lw5fmj9ii4SXv3P7BVly4Q%3D%3D; menu-style=full; phpMyAdmin=dbvgl94op035eksqlerk01qph4',
  'accept-language' => 'zh-CN,zh;q=0.9',
  'accept-encoding' => 'gzip, deflate',
  'accept' => 'text/html,application/xhtml+xml,application/xml;q=0.9,image/webp,image/apng,*/*;q=0.8',
  'connection' => 'keep-alive',
)
[ info ] [ PARAM ] array (
)
[ info ] [ SESSION ] INIT array (
  'id' => '',
  'var_session_id' => '',
  'prefix' => 'think',
  'type' => '',
  'auto_start' => true,
)
[ info ] [ BEHAVIOR ] Run hook\AccessAuth @action_begin [ RunTime:0.002049s ]
[ info ] [ RUN ] app\admin\controller\Index->index[ D:\Program Files\web\pengcheng\application\admin\controller\Index.php ]
[ info ] [ CACHE ] INIT File
[ info ] [ DB ] INIT mysql
[ info ] [ VIEW ] D:\Program Files\web\pengcheng\public/../application/admin\view\index.index.html [ array (
  0 => 'classuri',
  1 => 'title',
  2 => 'menus',
) ]
[ info ] [ BEHAVIOR ] Run hook\FilterView @view_filter [ RunTime:0.000775s ]
[ info ] [ LOG ] INIT File
---------------------------------------------------------------
[ 2018-09-27T10:53:04+08:00 ] 119.137.54.178 GET /admin/room/index.html?spm=m-87-113
[ info ] 122.114.216.78:8910/admin/room/index.html?spm=m-87-113 [运行时间：0.106270s][吞吐率：9.41req/s] [内存消耗：3,497.17kb] [文件加载：63]
[ info ] [ LANG ] D:\Program Files\web\pengcheng\thinkphp\lang\zh-cn.php
[ info ] [ ROUTE ] array (
  'type' => 'module',
  'module' => 
  array (
    0 => 'admin',
    1 => 'room',
    2 => 'index',
  ),
)
[ info ] [ HEADER ] array (
  'content-type' => '',
  'content-length' => '0',
  'x-original-url' => '/admin/room/index.html?spm=m-87-113',
  'x-requested-with' => 'XMLHttpRequest',
  'user-agent' => 'Mozilla/5.0 (Windows NT 10.0; Win64; x64) AppleWebKit/537.36 (KHTML, like Gecko) Chrome/69.0.3497.100 Safari/537.36',
  'referer' => 'http://122.114.216.78:8910/admin.html',
  'host' => '122.114.216.78:8910',
  'cookie' => 'pma_navi_width=200; pma_lang=zh_CN; pma_mcrypt_iv=CISrehrZznw%3D; pmaUser-1=Ls17V3aGmbA%3D; PHPSESSID=dbvgl94op035eksqlerk01qph4; rows=20; pmaPass-1=lw5fmj9ii4SXv3P7BVly4Q%3D%3D; menu-style=full; phpMyAdmin=dbvgl94op035eksqlerk01qph4',
  'accept-language' => 'zh-CN,zh;q=0.9',
  'accept-encoding' => 'gzip, deflate',
  'accept' => '*/*',
  'connection' => 'keep-alive',
)
[ info ] [ PARAM ] array (
  'spm' => 'm-87-113',
)
[ info ] [ SESSION ] INIT array (
  'id' => '',
  'var_session_id' => '',
  'prefix' => 'think',
  'type' => '',
  'auto_start' => true,
)
[ info ] [ BEHAVIOR ] Run hook\AccessAuth @action_begin [ RunTime:0.002120s ]
[ info ] [ RUN ] app\admin\controller\Room->index[ D:\Program Files\web\pengcheng\application\admin\controller\Room.php ]
[ info ] [ DB ] INIT mysql
[ info ] [ VIEW ] D:\Program Files\web\pengcheng\public/../application/admin\view\room.index.html [ array (
  0 => 'classuri',
  1 => 'ptypes',
  2 => 'ftypes',
  3 => 'title',
  4 => 'list',
  5 => 'page',
) ]
[ info ] [ BEHAVIOR ] Run hook\FilterView @view_filter [ RunTime:0.000680s ]
[ info ] [ LOG ] INIT File
---------------------------------------------------------------
[ 2018-09-27T10:53:07+08:00 ] 119.137.54.178 GET /admin/index/main.html?spm=m-2-3
[ info ] 122.114.216.78:8910/admin/index/main.html?spm=m-2-3 [运行时间：0.077172s][吞吐率：12.96req/s] [内存消耗：3,213.47kb] [文件加载：58]
[ info ] [ LANG ] D:\Program Files\web\pengcheng\thinkphp\lang\zh-cn.php
[ info ] [ ROUTE ] array (
  'type' => 'module',
  'module' => 
  array (
    0 => 'admin',
    1 => 'index',
    2 => 'main',
  ),
)
[ info ] [ HEADER ] array (
  'content-type' => '',
  'content-length' => '0',
  'x-original-url' => '/admin/index/main.html?spm=m-2-3',
  'x-requested-with' => 'XMLHttpRequest',
  'user-agent' => 'Mozilla/5.0 (Windows NT 10.0; Win64; x64) AppleWebKit/537.36 (KHTML, like Gecko) Chrome/69.0.3497.100 Safari/537.36',
  'referer' => 'http://122.114.216.78:8910/admin.html',
  'host' => '122.114.216.78:8910',
  'cookie' => 'pma_navi_width=200; pma_lang=zh_CN; pma_mcrypt_iv=CISrehrZznw%3D; pmaUser-1=Ls17V3aGmbA%3D; PHPSESSID=dbvgl94op035eksqlerk01qph4; rows=20; pmaPass-1=lw5fmj9ii4SXv3P7BVly4Q%3D%3D; menu-style=full; phpMyAdmin=dbvgl94op035eksqlerk01qph4',
  'accept-language' => 'zh-CN,zh;q=0.9',
  'accept-encoding' => 'gzip, deflate',
  'accept' => '*/*',
  'connection' => 'keep-alive',
)
[ info ] [ PARAM ] array (
  'spm' => 'm-2-3',
)
[ info ] [ SESSION ] INIT array (
  'id' => '',
  'var_session_id' => '',
  'prefix' => 'think',
  'type' => '',
  'auto_start' => true,
)
[ info ] [ BEHAVIOR ] Run hook\AccessAuth @action_begin [ RunTime:0.002015s ]
[ info ] [ RUN ] app\admin\controller\Index->main[ D:\Program Files\web\pengcheng\application\admin\controller\Index.php ]
[ info ] [ DB ] INIT mysql
[ info ] [ VIEW ] D:\Program Files\web\pengcheng\public/../application/admin\view\index.main.html [ array (
  0 => 'classuri',
  1 => 'mysql_ver',
) ]
[ info ] [ BEHAVIOR ] Run hook\FilterView @view_filter [ RunTime:0.000817s ]
[ info ] [ LOG ] INIT File
---------------------------------------------------------------
[ 2018-09-27T10:53:17+08:00 ] 119.137.54.178 GET /admin/config/index.html?spm=m-2-5
[ info ] 122.114.216.78:8910/admin/config/index.html?spm=m-2-5 [运行时间：0.063102s][吞吐率：15.85req/s] [内存消耗：3,198.37kb] [文件加载：58]
[ info ] [ LANG ] D:\Program Files\web\pengcheng\thinkphp\lang\zh-cn.php
[ info ] [ ROUTE ] array (
  'type' => 'module',
  'module' => 
  array (
    0 => 'admin',
    1 => 'config',
    2 => 'index',
  ),
)
[ info ] [ HEADER ] array (
  'content-type' => '',
  'content-length' => '0',
  'x-original-url' => '/admin/config/index.html?spm=m-2-5',
  'x-requested-with' => 'XMLHttpRequest',
  'user-agent' => 'Mozilla/5.0 (Windows NT 10.0; Win64; x64) AppleWebKit/537.36 (KHTML, like Gecko) Chrome/69.0.3497.100 Safari/537.36',
  'referer' => 'http://122.114.216.78:8910/admin.html',
  'host' => '122.114.216.78:8910',
  'cookie' => 'pma_navi_width=200; pma_lang=zh_CN; pma_mcrypt_iv=CISrehrZznw%3D; pmaUser-1=Ls17V3aGmbA%3D; PHPSESSID=dbvgl94op035eksqlerk01qph4; rows=20; pmaPass-1=lw5fmj9ii4SXv3P7BVly4Q%3D%3D; menu-style=full; phpMyAdmin=dbvgl94op035eksqlerk01qph4',
  'accept-language' => 'zh-CN,zh;q=0.9',
  'accept-encoding' => 'gzip, deflate',
  'accept' => '*/*',
  'connection' => 'keep-alive',
)
[ info ] [ PARAM ] array (
  'spm' => 'm-2-5',
)
[ info ] [ SESSION ] INIT array (
  'id' => '',
  'var_session_id' => '',
  'prefix' => 'think',
  'type' => '',
  'auto_start' => true,
)
[ info ] [ BEHAVIOR ] Run hook\AccessAuth @action_begin [ RunTime:0.002290s ]
[ info ] [ RUN ] app\admin\controller\Config->index[ D:\Program Files\web\pengcheng\application\admin\controller\Config.php ]
[ info ] [ VIEW ] D:\Program Files\web\pengcheng\public/../application/admin\view\config.index.html [ array (
  0 => 'classuri',
  1 => 'title',
) ]
[ info ] [ DB ] INIT mysql
[ info ] [ BEHAVIOR ] Run hook\FilterView @view_filter [ RunTime:0.000798s ]
[ info ] [ LOG ] INIT File
---------------------------------------------------------------
[ 2018-09-27T12:47:42+08:00 ] 80.82.70.187 GET /cache/global/img/gs.gif
[ info ] www.baidu.com/cache/global/img/gs.gif [运行时间：0.032026s][吞吐率：31.22req/s] [内存消耗：1,786.91kb] [文件加载：39]
[ info ] [ LANG ] D:\Program Files\web\pengcheng\thinkphp\lang\zh-cn.php
[ info ] [ ROUTE ] array (
  'type' => 'module',
  'module' => 
  array (
    0 => 'cache',
    1 => 'global',
    2 => 'img',
  ),
)
[ info ] [ HEADER ] array (
  'content-type' => '',
  'content-length' => '0',
  'x-original-url' => '/cache/global/img/gs.gif',
  'user-agent' => 'Mozilla',
  'if-modified-since' => 'Thu, 19 Apr 2012 09:51:20 GMT',
  'host' => 'www.baidu.com',
)
[ info ] [ PARAM ] array (
)
[ info ] [ LOG ] INIT File
