[2018/10/10 17:33:06] ERR - wx75e3e6e9c127d509 - WechatOauth::getOauthAccessToken Fail.invalid code, hints: [ req_id: Mw00124114 ] [40029]
[2018/10/10 18:23:07] MSG - wx75e3e6e9c127d509 - Payment notification signature verification success.array (
  'appid' => 'wx75e3e6e9c127d509',
  'bank_type' => 'CFT',
  'cash_fee' => '1',
  'fee_type' => 'CNY',
  'is_subscribe' => 'Y',
  'mch_id' => '1238127002',
  'nonce_str' => 'mm5qjtojgyxkwtd4x7fjmu5lvbqhchzw',
  'openid' => 'otuUIuA7qA9FFwjBc4wid98ioLq4',
  'out_trade_no' => '20181008160639500204',
  'result_code' => 'SUCCESS',
  'return_code' => 'SUCCESS',
  'sign' => '39BB574A764EF30CFCEB7FC67E8C39DA',
  'time_end' => '20181010182332',
  'total_fee' => '1',
  'trade_type' => 'JSAPI',
  'transaction_id' => '4200000170201810106928283208',
)
[2018/10/10 18:23:07] MSG - wx75e3e6e9c127d509 - Get New AccessToken Success.
[2018/10/10 18:24:55] MSG - wx75e3e6e9c127d509 - Payment notification signature verification success.array (
  'appid' => 'wx75e3e6e9c127d509',
  'bank_type' => 'CFT',
  'cash_fee' => '1',
  'fee_type' => 'CNY',
  'is_subscribe' => 'Y',
  'mch_id' => '1238127002',
  'nonce_str' => 'm0ng3mxn3vhi20n03es87cz3dq261t0c',
  'openid' => 'otuUIuA7qA9FFwjBc4wid98ioLq4',
  'out_trade_no' => '20181008184602114447',
  'result_code' => 'SUCCESS',
  'return_code' => 'SUCCESS',
  'sign' => '2AF942A78B08CED0991A977E9DF48812',
  'time_end' => '20181010182520',
  'total_fee' => '1',
  'trade_type' => 'JSAPI',
  'transaction_id' => '4200000170201810105202712157',
)
[2018/10/10 18:25:11] MSG - wx75e3e6e9c127d509 - Payment notification signature verification success.array (
  'appid' => 'wx75e3e6e9c127d509',
  'bank_type' => 'CFT',
  'cash_fee' => '1',
  'fee_type' => 'CNY',
  'is_subscribe' => 'Y',
  'mch_id' => '1238127002',
  'nonce_str' => 'm0ng3mxn3vhi20n03es87cz3dq261t0c',
  'openid' => 'otuUIuA7qA9FFwjBc4wid98ioLq4',
  'out_trade_no' => '20181008184602114447',
  'result_code' => 'SUCCESS',
  'return_code' => 'SUCCESS',
  'sign' => '2AF942A78B08CED0991A977E9DF48812',
  'time_end' => '20181010182520',
  'total_fee' => '1',
  'trade_type' => 'JSAPI',
  'transaction_id' => '4200000170201810105202712157',
)
[2018/10/10 18:25:28] MSG - wx75e3e6e9c127d509 - Payment notification signature verification success.array (
  'appid' => 'wx75e3e6e9c127d509',
  'bank_type' => 'CFT',
  'cash_fee' => '1',
  'fee_type' => 'CNY',
  'is_subscribe' => 'Y',
  'mch_id' => '1238127002',
  'nonce_str' => 'm0ng3mxn3vhi20n03es87cz3dq261t0c',
  'openid' => 'otuUIuA7qA9FFwjBc4wid98ioLq4',
  'out_trade_no' => '20181008184602114447',
  'result_code' => 'SUCCESS',
  'return_code' => 'SUCCESS',
  'sign' => '2AF942A78B08CED0991A977E9DF48812',
  'time_end' => '20181010182520',
  'total_fee' => '1',
  'trade_type' => 'JSAPI',
  'transaction_id' => '4200000170201810105202712157',
)
[2018/10/10 18:25:59] MSG - wx75e3e6e9c127d509 - Payment notification signature verification success.array (
  'appid' => 'wx75e3e6e9c127d509',
  'bank_type' => 'CFT',
  'cash_fee' => '1',
  'fee_type' => 'CNY',
  'is_subscribe' => 'Y',
  'mch_id' => '1238127002',
  'nonce_str' => 'm0ng3mxn3vhi20n03es87cz3dq261t0c',
  'openid' => 'otuUIuA7qA9FFwjBc4wid98ioLq4',
  'out_trade_no' => '20181008184602114447',
  'result_code' => 'SUCCESS',
  'return_code' => 'SUCCESS',
  'sign' => '2AF942A78B08CED0991A977E9DF48812',
  'time_end' => '20181010182520',
  'total_fee' => '1',
  'trade_type' => 'JSAPI',
  'transaction_id' => '4200000170201810105202712157',
)
[2018/10/10 18:29:00] MSG - wx75e3e6e9c127d509 - Payment notification signature verification success.array (
  'appid' => 'wx75e3e6e9c127d509',
  'bank_type' => 'CFT',
  'cash_fee' => '1',
  'fee_type' => 'CNY',
  'is_subscribe' => 'Y',
  'mch_id' => '1238127002',
  'nonce_str' => 'm0ng3mxn3vhi20n03es87cz3dq261t0c',
  'openid' => 'otuUIuA7qA9FFwjBc4wid98ioLq4',
  'out_trade_no' => '20181008184602114447',
  'result_code' => 'SUCCESS',
  'return_code' => 'SUCCESS',
  'sign' => '2AF942A78B08CED0991A977E9DF48812',
  'time_end' => '20181010182520',
  'total_fee' => '1',
  'trade_type' => 'JSAPI',
  'transaction_id' => '4200000170201810105202712157',
)
[2018/10/10 18:32:57] MSG - wx75e3e6e9c127d509 - Payment notification signature verification success.array (
  'appid' => 'wx75e3e6e9c127d509',
  'bank_type' => 'CFT',
  'cash_fee' => '1',
  'fee_type' => 'CNY',
  'is_subscribe' => 'Y',
  'mch_id' => '1238127002',
  'nonce_str' => 'vtr5k5meyvqtbif7nr2my3eqqckci8kf',
  'openid' => 'otuUIuA7qA9FFwjBc4wid98ioLq4',
  'out_trade_no' => '20181008184252888598',
  'result_code' => 'SUCCESS',
  'return_code' => 'SUCCESS',
  'sign' => 'F2C3DE1C8D9E61801A27E6EA4D236DD4',
  'time_end' => '20181010183323',
  'total_fee' => '1',
  'trade_type' => 'JSAPI',
  'transaction_id' => '4200000167201810102007158850',
)
[2018/10/10 18:33:13] MSG - wx75e3e6e9c127d509 - Payment notification signature verification success.array (
  'appid' => 'wx75e3e6e9c127d509',
  'bank_type' => 'CFT',
  'cash_fee' => '1',
  'fee_type' => 'CNY',
  'is_subscribe' => 'Y',
  'mch_id' => '1238127002',
  'nonce_str' => 'vtr5k5meyvqtbif7nr2my3eqqckci8kf',
  'openid' => 'otuUIuA7qA9FFwjBc4wid98ioLq4',
  'out_trade_no' => '20181008184252888598',
  'result_code' => 'SUCCESS',
  'return_code' => 'SUCCESS',
  'sign' => 'F2C3DE1C8D9E61801A27E6EA4D236DD4',
  'time_end' => '20181010183323',
  'total_fee' => '1',
  'trade_type' => 'JSAPI',
  'transaction_id' => '4200000167201810102007158850',
)
[2018/10/10 18:33:29] MSG - wx75e3e6e9c127d509 - Payment notification signature verification success.array (
  'appid' => 'wx75e3e6e9c127d509',
  'bank_type' => 'CFT',
  'cash_fee' => '1',
  'fee_type' => 'CNY',
  'is_subscribe' => 'Y',
  'mch_id' => '1238127002',
  'nonce_str' => 'vtr5k5meyvqtbif7nr2my3eqqckci8kf',
  'openid' => 'otuUIuA7qA9FFwjBc4wid98ioLq4',
  'out_trade_no' => '20181008184252888598',
  'result_code' => 'SUCCESS',
  'return_code' => 'SUCCESS',
  'sign' => 'F2C3DE1C8D9E61801A27E6EA4D236DD4',
  'time_end' => '20181010183323',
  'total_fee' => '1',
  'trade_type' => 'JSAPI',
  'transaction_id' => '4200000167201810102007158850',
)
[2018/10/10 18:34:00] MSG - wx75e3e6e9c127d509 - Payment notification signature verification success.array (
  'appid' => 'wx75e3e6e9c127d509',
  'bank_type' => 'CFT',
  'cash_fee' => '1',
  'fee_type' => 'CNY',
  'is_subscribe' => 'Y',
  'mch_id' => '1238127002',
  'nonce_str' => 'vtr5k5meyvqtbif7nr2my3eqqckci8kf',
  'openid' => 'otuUIuA7qA9FFwjBc4wid98ioLq4',
  'out_trade_no' => '20181008184252888598',
  'result_code' => 'SUCCESS',
  'return_code' => 'SUCCESS',
  'sign' => 'F2C3DE1C8D9E61801A27E6EA4D236DD4',
  'time_end' => '20181010183323',
  'total_fee' => '1',
  'trade_type' => 'JSAPI',
  'transaction_id' => '4200000167201810102007158850',
)
[2018/10/10 18:34:54] MSG - wx75e3e6e9c127d509 - Payment notification signature verification success.array (
  'appid' => 'wx75e3e6e9c127d509',
  'bank_type' => 'CFT',
  'cash_fee' => '1',
  'fee_type' => 'CNY',
  'is_subscribe' => 'Y',
  'mch_id' => '1238127002',
  'nonce_str' => '7o8sgo7od1yrmrrh0y6uhb38uif6azww',
  'openid' => 'otuUIuA7qA9FFwjBc4wid98ioLq4',
  'out_trade_no' => '20181008184400527423',
  'result_code' => 'SUCCESS',
  'return_code' => 'SUCCESS',
  'sign' => 'CA0D6E9AC8576A0FDEC6C8F046A8EDF5',
  'time_end' => '20181010183519',
  'total_fee' => '1',
  'trade_type' => 'JSAPI',
  'transaction_id' => '4200000162201810109228513892',
)
[2018/10/10 18:59:02] MSG - wx75e3e6e9c127d509 - Payment notification signature verification success.array (
  'appid' => 'wx75e3e6e9c127d509',
  'bank_type' => 'CFT',
  'cash_fee' => '1',
  'fee_type' => 'CNY',
  'is_subscribe' => 'Y',
  'mch_id' => '1238127002',
  'nonce_str' => 'm0ng3mxn3vhi20n03es87cz3dq261t0c',
  'openid' => 'otuUIuA7qA9FFwjBc4wid98ioLq4',
  'out_trade_no' => '20181008184602114447',
  'result_code' => 'SUCCESS',
  'return_code' => 'SUCCESS',
  'sign' => '2AF942A78B08CED0991A977E9DF48812',
  'time_end' => '20181010182520',
  'total_fee' => '1',
  'trade_type' => 'JSAPI',
  'transaction_id' => '4200000170201810105202712157',
)
