[2018/10/11 08:56:42] MSG - wx75e3e6e9c127d509 - Payment notification signature verification success.array (
  'appid' => 'wx75e3e6e9c127d509',
  'bank_type' => 'CFT',
  'cash_fee' => '1',
  'fee_type' => 'CNY',
  'is_subscribe' => 'Y',
  'mch_id' => '1238127002',
  'nonce_str' => 'saqivcpjw5b1wji2m177nzvernppy6ew',
  'openid' => 'otuUIuA7qA9FFwjBc4wid98ioLq4',
  'out_trade_no' => '20181011085633928094',
  'result_code' => 'SUCCESS',
  'return_code' => 'SUCCESS',
  'sign' => '95B4F31B3C7B27A84DFCEB24950F3A97',
  'time_end' => '20181011085708',
  'total_fee' => '1',
  'trade_type' => 'JSAPI',
  'transaction_id' => '4200000175201810118836612884',
)
[2018/10/11 09:01:19] MSG - wx75e3e6e9c127d509 - Payment notification signature verification success.array (
  'appid' => 'wx75e3e6e9c127d509',
  'bank_type' => 'CFT',
  'cash_fee' => '1',
  'fee_type' => 'CNY',
  'is_subscribe' => 'Y',
  'mch_id' => '1238127002',
  'nonce_str' => 'vtlkfe8jaroj1o3qppllbmm2203c48a8',
  'openid' => 'otuUIuA7qA9FFwjBc4wid98ioLq4',
  'out_trade_no' => '20181011090110465158',
  'result_code' => 'SUCCESS',
  'return_code' => 'SUCCESS',
  'sign' => '1D73838B752E084BCEB717353E81885F',
  'time_end' => '20181011090144',
  'total_fee' => '1',
  'trade_type' => 'JSAPI',
  'transaction_id' => '4200000168201810113316774003',
)
[2018/10/11 09:01:34] MSG - wx75e3e6e9c127d509 - Payment notification signature verification success.array (
  'appid' => 'wx75e3e6e9c127d509',
  'bank_type' => 'CFT',
  'cash_fee' => '1',
  'fee_type' => 'CNY',
  'is_subscribe' => 'Y',
  'mch_id' => '1238127002',
  'nonce_str' => 'vtlkfe8jaroj1o3qppllbmm2203c48a8',
  'openid' => 'otuUIuA7qA9FFwjBc4wid98ioLq4',
  'out_trade_no' => '20181011090110465158',
  'result_code' => 'SUCCESS',
  'return_code' => 'SUCCESS',
  'sign' => '1D73838B752E084BCEB717353E81885F',
  'time_end' => '20181011090144',
  'total_fee' => '1',
  'trade_type' => 'JSAPI',
  'transaction_id' => '4200000168201810113316774003',
)
[2018/10/11 09:01:50] MSG - wx75e3e6e9c127d509 - Payment notification signature verification success.array (
  'appid' => 'wx75e3e6e9c127d509',
  'bank_type' => 'CFT',
  'cash_fee' => '1',
  'fee_type' => 'CNY',
  'is_subscribe' => 'Y',
  'mch_id' => '1238127002',
  'nonce_str' => 'vtlkfe8jaroj1o3qppllbmm2203c48a8',
  'openid' => 'otuUIuA7qA9FFwjBc4wid98ioLq4',
  'out_trade_no' => '20181011090110465158',
  'result_code' => 'SUCCESS',
  'return_code' => 'SUCCESS',
  'sign' => '1D73838B752E084BCEB717353E81885F',
  'time_end' => '20181011090144',
  'total_fee' => '1',
  'trade_type' => 'JSAPI',
  'transaction_id' => '4200000168201810113316774003',
)
[2018/10/11 09:02:21] MSG - wx75e3e6e9c127d509 - Payment notification signature verification success.array (
  'appid' => 'wx75e3e6e9c127d509',
  'bank_type' => 'CFT',
  'cash_fee' => '1',
  'fee_type' => 'CNY',
  'is_subscribe' => 'Y',
  'mch_id' => '1238127002',
  'nonce_str' => 'vtlkfe8jaroj1o3qppllbmm2203c48a8',
  'openid' => 'otuUIuA7qA9FFwjBc4wid98ioLq4',
  'out_trade_no' => '20181011090110465158',
  'result_code' => 'SUCCESS',
  'return_code' => 'SUCCESS',
  'sign' => '1D73838B752E084BCEB717353E81885F',
  'time_end' => '20181011090144',
  'total_fee' => '1',
  'trade_type' => 'JSAPI',
  'transaction_id' => '4200000168201810113316774003',
)
[2018/10/11 09:03:02] MSG - wx75e3e6e9c127d509 - Payment notification signature verification success.array (
  'appid' => 'wx75e3e6e9c127d509',
  'bank_type' => 'CFT',
  'cash_fee' => '1',
  'fee_type' => 'CNY',
  'is_subscribe' => 'Y',
  'mch_id' => '1238127002',
  'nonce_str' => 'iyimb6y0he1irnkcbaul64wvn8gb8whr',
  'openid' => 'otuUIuA7qA9FFwjBc4wid98ioLq4',
  'out_trade_no' => '20181011090255205523',
  'result_code' => 'SUCCESS',
  'return_code' => 'SUCCESS',
  'sign' => '56990EA6D5AA652FC6838C80C175A488',
  'time_end' => '20181011090328',
  'total_fee' => '1',
  'trade_type' => 'JSAPI',
  'transaction_id' => '4200000178201810117066523754',
)
[2018/10/11 09:03:18] MSG - wx75e3e6e9c127d509 - Payment notification signature verification success.array (
  'appid' => 'wx75e3e6e9c127d509',
  'bank_type' => 'CFT',
  'cash_fee' => '1',
  'fee_type' => 'CNY',
  'is_subscribe' => 'Y',
  'mch_id' => '1238127002',
  'nonce_str' => 'iyimb6y0he1irnkcbaul64wvn8gb8whr',
  'openid' => 'otuUIuA7qA9FFwjBc4wid98ioLq4',
  'out_trade_no' => '20181011090255205523',
  'result_code' => 'SUCCESS',
  'return_code' => 'SUCCESS',
  'sign' => '56990EA6D5AA652FC6838C80C175A488',
  'time_end' => '20181011090328',
  'total_fee' => '1',
  'trade_type' => 'JSAPI',
  'transaction_id' => '4200000178201810117066523754',
)
[2018/10/11 09:03:34] MSG - wx75e3e6e9c127d509 - Payment notification signature verification success.array (
  'appid' => 'wx75e3e6e9c127d509',
  'bank_type' => 'CFT',
  'cash_fee' => '1',
  'fee_type' => 'CNY',
  'is_subscribe' => 'Y',
  'mch_id' => '1238127002',
  'nonce_str' => 'iyimb6y0he1irnkcbaul64wvn8gb8whr',
  'openid' => 'otuUIuA7qA9FFwjBc4wid98ioLq4',
  'out_trade_no' => '20181011090255205523',
  'result_code' => 'SUCCESS',
  'return_code' => 'SUCCESS',
  'sign' => '56990EA6D5AA652FC6838C80C175A488',
  'time_end' => '20181011090328',
  'total_fee' => '1',
  'trade_type' => 'JSAPI',
  'transaction_id' => '4200000178201810117066523754',
)
[2018/10/11 09:04:05] MSG - wx75e3e6e9c127d509 - Payment notification signature verification success.array (
  'appid' => 'wx75e3e6e9c127d509',
  'bank_type' => 'CFT',
  'cash_fee' => '1',
  'fee_type' => 'CNY',
  'is_subscribe' => 'Y',
  'mch_id' => '1238127002',
  'nonce_str' => 'iyimb6y0he1irnkcbaul64wvn8gb8whr',
  'openid' => 'otuUIuA7qA9FFwjBc4wid98ioLq4',
  'out_trade_no' => '20181011090255205523',
  'result_code' => 'SUCCESS',
  'return_code' => 'SUCCESS',
  'sign' => '56990EA6D5AA652FC6838C80C175A488',
  'time_end' => '20181011090328',
  'total_fee' => '1',
  'trade_type' => 'JSAPI',
  'transaction_id' => '4200000178201810117066523754',
)
[2018/10/11 09:05:22] MSG - wx75e3e6e9c127d509 - Payment notification signature verification success.array (
  'appid' => 'wx75e3e6e9c127d509',
  'bank_type' => 'CFT',
  'cash_fee' => '1',
  'fee_type' => 'CNY',
  'is_subscribe' => 'Y',
  'mch_id' => '1238127002',
  'nonce_str' => 'vtlkfe8jaroj1o3qppllbmm2203c48a8',
  'openid' => 'otuUIuA7qA9FFwjBc4wid98ioLq4',
  'out_trade_no' => '20181011090110465158',
  'result_code' => 'SUCCESS',
  'return_code' => 'SUCCESS',
  'sign' => '1D73838B752E084BCEB717353E81885F',
  'time_end' => '20181011090144',
  'total_fee' => '1',
  'trade_type' => 'JSAPI',
  'transaction_id' => '4200000168201810113316774003',
)
[2018/10/11 09:07:06] MSG - wx75e3e6e9c127d509 - Payment notification signature verification success.array (
  'appid' => 'wx75e3e6e9c127d509',
  'bank_type' => 'CFT',
  'cash_fee' => '1',
  'fee_type' => 'CNY',
  'is_subscribe' => 'Y',
  'mch_id' => '1238127002',
  'nonce_str' => 'iyimb6y0he1irnkcbaul64wvn8gb8whr',
  'openid' => 'otuUIuA7qA9FFwjBc4wid98ioLq4',
  'out_trade_no' => '20181011090255205523',
  'result_code' => 'SUCCESS',
  'return_code' => 'SUCCESS',
  'sign' => '56990EA6D5AA652FC6838C80C175A488',
  'time_end' => '20181011090328',
  'total_fee' => '1',
  'trade_type' => 'JSAPI',
  'transaction_id' => '4200000178201810117066523754',
)
[2018/10/11 09:07:34] MSG - wx75e3e6e9c127d509 - Payment notification signature verification success.array (
  'appid' => 'wx75e3e6e9c127d509',
  'bank_type' => 'CFT',
  'cash_fee' => '1',
  'fee_type' => 'CNY',
  'is_subscribe' => 'Y',
  'mch_id' => '1238127002',
  'nonce_str' => 'q43q7ox8f4qzugkcu68d6a3uf8kg5dn4',
  'openid' => 'otuUIuGiRO_FHWR42oy88BcnbiwI',
  'out_trade_no' => '20181011090727630419',
  'result_code' => 'SUCCESS',
  'return_code' => 'SUCCESS',
  'sign' => '66B35BCF1E1A09FA4AE9BB3BE7A3A9A8',
  'time_end' => '20181011090800',
  'total_fee' => '1',
  'trade_type' => 'JSAPI',
  'transaction_id' => '4200000187201810111244302779',
)
[2018/10/11 09:07:34] MSG - wx75e3e6e9c127d509 - Get New AccessToken Success.
[2018/10/11 09:08:21] MSG - wx75e3e6e9c127d509 - Payment notification signature verification success.array (
  'appid' => 'wx75e3e6e9c127d509',
  'bank_type' => 'CFT',
  'cash_fee' => '1',
  'fee_type' => 'CNY',
  'is_subscribe' => 'Y',
  'mch_id' => '1238127002',
  'nonce_str' => 'fn9nrqf9hgoc2sfpbkqmq2796qyibu84',
  'openid' => 'otuUIuGiRO_FHWR42oy88BcnbiwI',
  'out_trade_no' => '20181011090816872970',
  'result_code' => 'SUCCESS',
  'return_code' => 'SUCCESS',
  'sign' => 'B5915201FD43E0280633E60810201A0F',
  'time_end' => '20181011090847',
  'total_fee' => '1',
  'trade_type' => 'JSAPI',
  'transaction_id' => '4200000165201810119987856864',
)
[2018/10/11 09:08:37] MSG - wx75e3e6e9c127d509 - Payment notification signature verification success.array (
  'appid' => 'wx75e3e6e9c127d509',
  'bank_type' => 'CFT',
  'cash_fee' => '1',
  'fee_type' => 'CNY',
  'is_subscribe' => 'Y',
  'mch_id' => '1238127002',
  'nonce_str' => 'fn9nrqf9hgoc2sfpbkqmq2796qyibu84',
  'openid' => 'otuUIuGiRO_FHWR42oy88BcnbiwI',
  'out_trade_no' => '20181011090816872970',
  'result_code' => 'SUCCESS',
  'return_code' => 'SUCCESS',
  'sign' => 'B5915201FD43E0280633E60810201A0F',
  'time_end' => '20181011090847',
  'total_fee' => '1',
  'trade_type' => 'JSAPI',
  'transaction_id' => '4200000165201810119987856864',
)
[2018/10/11 09:08:53] MSG - wx75e3e6e9c127d509 - Payment notification signature verification success.array (
  'appid' => 'wx75e3e6e9c127d509',
  'bank_type' => 'CFT',
  'cash_fee' => '1',
  'fee_type' => 'CNY',
  'is_subscribe' => 'Y',
  'mch_id' => '1238127002',
  'nonce_str' => 'fn9nrqf9hgoc2sfpbkqmq2796qyibu84',
  'openid' => 'otuUIuGiRO_FHWR42oy88BcnbiwI',
  'out_trade_no' => '20181011090816872970',
  'result_code' => 'SUCCESS',
  'return_code' => 'SUCCESS',
  'sign' => 'B5915201FD43E0280633E60810201A0F',
  'time_end' => '20181011090847',
  'total_fee' => '1',
  'trade_type' => 'JSAPI',
  'transaction_id' => '4200000165201810119987856864',
)
[2018/10/11 09:09:24] MSG - wx75e3e6e9c127d509 - Payment notification signature verification success.array (
  'appid' => 'wx75e3e6e9c127d509',
  'bank_type' => 'CFT',
  'cash_fee' => '1',
  'fee_type' => 'CNY',
  'is_subscribe' => 'Y',
  'mch_id' => '1238127002',
  'nonce_str' => 'fn9nrqf9hgoc2sfpbkqmq2796qyibu84',
  'openid' => 'otuUIuGiRO_FHWR42oy88BcnbiwI',
  'out_trade_no' => '20181011090816872970',
  'result_code' => 'SUCCESS',
  'return_code' => 'SUCCESS',
  'sign' => 'B5915201FD43E0280633E60810201A0F',
  'time_end' => '20181011090847',
  'total_fee' => '1',
  'trade_type' => 'JSAPI',
  'transaction_id' => '4200000165201810119987856864',
)
[2018/10/11 09:11:00] MSG - wx75e3e6e9c127d509 - Payment notification signature verification success.array (
  'appid' => 'wx75e3e6e9c127d509',
  'bank_type' => 'CFT',
  'cash_fee' => '1',
  'fee_type' => 'CNY',
  'is_subscribe' => 'Y',
  'mch_id' => '1238127002',
  'nonce_str' => 'wmqk5wc39rfspy5e9qp65h8ohjagr3d3',
  'openid' => 'otuUIuA7qA9FFwjBc4wid98ioLq4',
  'out_trade_no' => '20181011091050987557',
  'result_code' => 'SUCCESS',
  'return_code' => 'SUCCESS',
  'sign' => 'A4E3213C5E340F57181500B25B0F936D',
  'time_end' => '20181011091126',
  'total_fee' => '1',
  'trade_type' => 'JSAPI',
  'transaction_id' => '4200000162201810116843850733',
)
[2018/10/11 09:11:15] MSG - wx75e3e6e9c127d509 - Payment notification signature verification success.array (
  'appid' => 'wx75e3e6e9c127d509',
  'bank_type' => 'CFT',
  'cash_fee' => '1',
  'fee_type' => 'CNY',
  'is_subscribe' => 'Y',
  'mch_id' => '1238127002',
  'nonce_str' => 'wmqk5wc39rfspy5e9qp65h8ohjagr3d3',
  'openid' => 'otuUIuA7qA9FFwjBc4wid98ioLq4',
  'out_trade_no' => '20181011091050987557',
  'result_code' => 'SUCCESS',
  'return_code' => 'SUCCESS',
  'sign' => 'A4E3213C5E340F57181500B25B0F936D',
  'time_end' => '20181011091126',
  'total_fee' => '1',
  'trade_type' => 'JSAPI',
  'transaction_id' => '4200000162201810116843850733',
)
[2018/10/11 09:11:31] MSG - wx75e3e6e9c127d509 - Payment notification signature verification success.array (
  'appid' => 'wx75e3e6e9c127d509',
  'bank_type' => 'CFT',
  'cash_fee' => '1',
  'fee_type' => 'CNY',
  'is_subscribe' => 'Y',
  'mch_id' => '1238127002',
  'nonce_str' => 'wmqk5wc39rfspy5e9qp65h8ohjagr3d3',
  'openid' => 'otuUIuA7qA9FFwjBc4wid98ioLq4',
  'out_trade_no' => '20181011091050987557',
  'result_code' => 'SUCCESS',
  'return_code' => 'SUCCESS',
  'sign' => 'A4E3213C5E340F57181500B25B0F936D',
  'time_end' => '20181011091126',
  'total_fee' => '1',
  'trade_type' => 'JSAPI',
  'transaction_id' => '4200000162201810116843850733',
)
[2018/10/11 09:12:01] MSG - wx75e3e6e9c127d509 - Payment notification signature verification success.array (
  'appid' => 'wx75e3e6e9c127d509',
  'bank_type' => 'CFT',
  'cash_fee' => '1',
  'fee_type' => 'CNY',
  'is_subscribe' => 'Y',
  'mch_id' => '1238127002',
  'nonce_str' => 'wmqk5wc39rfspy5e9qp65h8ohjagr3d3',
  'openid' => 'otuUIuA7qA9FFwjBc4wid98ioLq4',
  'out_trade_no' => '20181011091050987557',
  'result_code' => 'SUCCESS',
  'return_code' => 'SUCCESS',
  'sign' => 'A4E3213C5E340F57181500B25B0F936D',
  'time_end' => '20181011091126',
  'total_fee' => '1',
  'trade_type' => 'JSAPI',
  'transaction_id' => '4200000162201810116843850733',
)
[2018/10/11 09:12:25] MSG - wx75e3e6e9c127d509 - Payment notification signature verification success.array (
  'appid' => 'wx75e3e6e9c127d509',
  'bank_type' => 'CFT',
  'cash_fee' => '1',
  'fee_type' => 'CNY',
  'is_subscribe' => 'Y',
  'mch_id' => '1238127002',
  'nonce_str' => 'fn9nrqf9hgoc2sfpbkqmq2796qyibu84',
  'openid' => 'otuUIuGiRO_FHWR42oy88BcnbiwI',
  'out_trade_no' => '20181011090816872970',
  'result_code' => 'SUCCESS',
  'return_code' => 'SUCCESS',
  'sign' => 'B5915201FD43E0280633E60810201A0F',
  'time_end' => '20181011090847',
  'total_fee' => '1',
  'trade_type' => 'JSAPI',
  'transaction_id' => '4200000165201810119987856864',
)
[2018/10/11 09:15:03] MSG - wx75e3e6e9c127d509 - Payment notification signature verification success.array (
  'appid' => 'wx75e3e6e9c127d509',
  'bank_type' => 'CFT',
  'cash_fee' => '1',
  'fee_type' => 'CNY',
  'is_subscribe' => 'Y',
  'mch_id' => '1238127002',
  'nonce_str' => 'wmqk5wc39rfspy5e9qp65h8ohjagr3d3',
  'openid' => 'otuUIuA7qA9FFwjBc4wid98ioLq4',
  'out_trade_no' => '20181011091050987557',
  'result_code' => 'SUCCESS',
  'return_code' => 'SUCCESS',
  'sign' => 'A4E3213C5E340F57181500B25B0F936D',
  'time_end' => '20181011091126',
  'total_fee' => '1',
  'trade_type' => 'JSAPI',
  'transaction_id' => '4200000162201810116843850733',
)
[2018/10/11 09:18:16] MSG - wx75e3e6e9c127d509 - Payment notification signature verification success.array (
  'appid' => 'wx75e3e6e9c127d509',
  'bank_type' => 'CFT',
  'cash_fee' => '1',
  'fee_type' => 'CNY',
  'is_subscribe' => 'Y',
  'mch_id' => '1238127002',
  'nonce_str' => 'gm3iif06zwusze6ipity2g60kvgc7ue4',
  'openid' => 'otuUIuA7qA9FFwjBc4wid98ioLq4',
  'out_trade_no' => '20181011091808839627',
  'result_code' => 'SUCCESS',
  'return_code' => 'SUCCESS',
  'sign' => '50F98AD107A7E584A4A6E2DE94C894D9',
  'time_end' => '20181011091842',
  'total_fee' => '1',
  'trade_type' => 'JSAPI',
  'transaction_id' => '4200000174201810119250244023',
)
[2018/10/11 09:32:43] MSG - wx75e3e6e9c127d509 - Payment notification signature verification success.array (
  'appid' => 'wx75e3e6e9c127d509',
  'bank_type' => 'CFT',
  'cash_fee' => '1',
  'fee_type' => 'CNY',
  'is_subscribe' => 'Y',
  'mch_id' => '1238127002',
  'nonce_str' => 'd8hbw8lf1pqpqpsvz2ru8mviw5weqnfg',
  'openid' => 'otuUIuGiRO_FHWR42oy88BcnbiwI',
  'out_trade_no' => '20181011093237178579',
  'result_code' => 'SUCCESS',
  'return_code' => 'SUCCESS',
  'sign' => 'AA6AC098E2835F35D8E0505CC10FC363',
  'time_end' => '20181011093309',
  'total_fee' => '1',
  'trade_type' => 'JSAPI',
  'transaction_id' => '4200000172201810115565673657',
)
[2018/10/11 09:35:24] MSG - wx75e3e6e9c127d509 - Payment notification signature verification success.array (
  'appid' => 'wx75e3e6e9c127d509',
  'bank_type' => 'CFT',
  'cash_fee' => '1',
  'fee_type' => 'CNY',
  'is_subscribe' => 'Y',
  'mch_id' => '1238127002',
  'nonce_str' => 'vtlkfe8jaroj1o3qppllbmm2203c48a8',
  'openid' => 'otuUIuA7qA9FFwjBc4wid98ioLq4',
  'out_trade_no' => '20181011090110465158',
  'result_code' => 'SUCCESS',
  'return_code' => 'SUCCESS',
  'sign' => '1D73838B752E084BCEB717353E81885F',
  'time_end' => '20181011090144',
  'total_fee' => '1',
  'trade_type' => 'JSAPI',
  'transaction_id' => '4200000168201810113316774003',
)
[2018/10/11 09:37:07] MSG - wx75e3e6e9c127d509 - Payment notification signature verification success.array (
  'appid' => 'wx75e3e6e9c127d509',
  'bank_type' => 'CFT',
  'cash_fee' => '1',
  'fee_type' => 'CNY',
  'is_subscribe' => 'Y',
  'mch_id' => '1238127002',
  'nonce_str' => 'iyimb6y0he1irnkcbaul64wvn8gb8whr',
  'openid' => 'otuUIuA7qA9FFwjBc4wid98ioLq4',
  'out_trade_no' => '20181011090255205523',
  'result_code' => 'SUCCESS',
  'return_code' => 'SUCCESS',
  'sign' => '56990EA6D5AA652FC6838C80C175A488',
  'time_end' => '20181011090328',
  'total_fee' => '1',
  'trade_type' => 'JSAPI',
  'transaction_id' => '4200000178201810117066523754',
)
[2018/10/11 09:42:27] MSG - wx75e3e6e9c127d509 - Payment notification signature verification success.array (
  'appid' => 'wx75e3e6e9c127d509',
  'bank_type' => 'CFT',
  'cash_fee' => '1',
  'fee_type' => 'CNY',
  'is_subscribe' => 'Y',
  'mch_id' => '1238127002',
  'nonce_str' => 'fn9nrqf9hgoc2sfpbkqmq2796qyibu84',
  'openid' => 'otuUIuGiRO_FHWR42oy88BcnbiwI',
  'out_trade_no' => '20181011090816872970',
  'result_code' => 'SUCCESS',
  'return_code' => 'SUCCESS',
  'sign' => 'B5915201FD43E0280633E60810201A0F',
  'time_end' => '20181011090847',
  'total_fee' => '1',
  'trade_type' => 'JSAPI',
  'transaction_id' => '4200000165201810119987856864',
)
[2018/10/11 09:45:05] MSG - wx75e3e6e9c127d509 - Payment notification signature verification success.array (
  'appid' => 'wx75e3e6e9c127d509',
  'bank_type' => 'CFT',
  'cash_fee' => '1',
  'fee_type' => 'CNY',
  'is_subscribe' => 'Y',
  'mch_id' => '1238127002',
  'nonce_str' => 'wmqk5wc39rfspy5e9qp65h8ohjagr3d3',
  'openid' => 'otuUIuA7qA9FFwjBc4wid98ioLq4',
  'out_trade_no' => '20181011091050987557',
  'result_code' => 'SUCCESS',
  'return_code' => 'SUCCESS',
  'sign' => 'A4E3213C5E340F57181500B25B0F936D',
  'time_end' => '20181011091126',
  'total_fee' => '1',
  'trade_type' => 'JSAPI',
  'transaction_id' => '4200000162201810116843850733',
)
