[2018/11/01 14:33:33] MSG - wx75e3e6e9c127d509 - Payment notification signature verification success.array (
  'appid' => 'wx75e3e6e9c127d509',
  'bank_type' => 'CFT',
  'cash_fee' => '1',
  'fee_type' => 'CNY',
  'is_subscribe' => 'Y',
  'mch_id' => '1238127002',
  'nonce_str' => '0f5l9eb9bi6sfm94zawmdl8kxmkfxdg9',
  'openid' => 'otuUIuA7qA9FFwjBc4wid98ioLq4',
  'out_trade_no' => '20181101143323261279',
  'result_code' => 'SUCCESS',
  'return_code' => 'SUCCESS',
  'sign' => '06F2761A3BEC6DA5B19A2EFD2655E298',
  'time_end' => '20181101143411',
  'total_fee' => '1',
  'trade_type' => 'JSAPI',
  'transaction_id' => '4200000231201811011464444373',
)
[2018/11/01 14:33:33] MSG - wx75e3e6e9c127d509 - Get New AccessToken Success.
[2018/11/01 14:37:27] MSG - wx75e3e6e9c127d509 - Payment notification signature verification success.array (
  'appid' => 'wx75e3e6e9c127d509',
  'bank_type' => 'CFT',
  'cash_fee' => '1',
  'fee_type' => 'CNY',
  'is_subscribe' => 'Y',
  'mch_id' => '1238127002',
  'nonce_str' => 'cdu3oddc21oqyvo1vgm3sxl5qjf2cle0',
  'openid' => 'otuUIuA7qA9FFwjBc4wid98ioLq4',
  'out_trade_no' => '20181101143719155535',
  'result_code' => 'SUCCESS',
  'return_code' => 'SUCCESS',
  'sign' => '50C3836673A70D597630CC336168F742',
  'time_end' => '20181101143806',
  'total_fee' => '1',
  'trade_type' => 'JSAPI',
  'transaction_id' => '4200000223201811018677876055',
)
