[2018/10/08 15:26:54] ERR - wx75e3e6e9c127d509 - WechatOauth::getOauthAccessToken Fail.code been used, hints: [ req_id: Lugdka06394127 ] [40163]
[2018/10/08 15:26:55] ERR - wx75e3e6e9c127d509 - WechatOauth::getOauthAccessToken Fail.code been used, hints: [ req_id: h1mnQA0640hb35 ] [40163]
[2018/10/08 15:29:27] ERR - wx75e3e6e9c127d509 - WechatOauth::getOauthAccessToken Fail.code been used, hints: [ req_id: y3Dfla0791ha61 ] [40163]
[2018/10/08 17:07:52] MSG - wx75e3e6e9c127d509 - Payment notification signature verification success.array (
  'appid' => 'wx75e3e6e9c127d509',
  'bank_type' => 'CFT',
  'cash_fee' => '1',
  'fee_type' => 'CNY',
  'is_subscribe' => 'N',
  'mch_id' => '1238127002',
  'nonce_str' => 'nbni5frxytb8tjydvxldc17cl7j5thvi',
  'openid' => 'otuUIuBm6U9TB9SUWRxMZwv8sMAU',
  'out_trade_no' => '20181008170706261389',
  'result_code' => 'SUCCESS',
  'return_code' => 'SUCCESS',
  'sign' => '0DD624F2D75D29D2019124DC6E7BB705',
  'time_end' => '20181008170815',
  'total_fee' => '1',
  'trade_type' => 'JSAPI',
  'transaction_id' => '4200000174201810089086707686',
)
[2018/10/08 17:11:38] MSG - wx75e3e6e9c127d509 - Payment notification signature verification success.array (
  'appid' => 'wx75e3e6e9c127d509',
  'bank_type' => 'CFT',
  'cash_fee' => '1',
  'fee_type' => 'CNY',
  'is_subscribe' => 'N',
  'mch_id' => '1238127002',
  'nonce_str' => 'nrf6cnlp5if03jowb8xhlypyf4j1osdz',
  'openid' => 'otuUIuCDazys8VUjBL4h2swGahak',
  'out_trade_no' => '20181008171122128344',
  'result_code' => 'SUCCESS',
  'return_code' => 'SUCCESS',
  'sign' => 'D234B00C9DE2529A34D5230AC3CB41DA',
  'time_end' => '20181008171202',
  'total_fee' => '1',
  'trade_type' => 'JSAPI',
  'transaction_id' => '4200000169201810089862088205',
)
[2018/10/08 18:51:04] MSG - wx75e3e6e9c127d509 - Payment notification signature verification success.array (
  'appid' => 'wx75e3e6e9c127d509',
  'bank_type' => 'CFT',
  'cash_fee' => '1',
  'fee_type' => 'CNY',
  'is_subscribe' => 'Y',
  'mch_id' => '1238127002',
  'nonce_str' => 'qrom1lafykzaut0sx99n1jpnqv3fvsob',
  'openid' => 'otuUIuA7qA9FFwjBc4wid98ioLq4',
  'out_trade_no' => '20181008184720706088',
  'result_code' => 'SUCCESS',
  'return_code' => 'SUCCESS',
  'sign' => 'D0B1B03A40C4BBE34A704618E9977335',
  'time_end' => '20181008185128',
  'total_fee' => '1',
  'trade_type' => 'JSAPI',
  'transaction_id' => '4200000187201810080434441963',
)
[2018/10/08 18:51:57] MSG - wx75e3e6e9c127d509 - Payment notification signature verification success.array (
  'appid' => 'wx75e3e6e9c127d509',
  'bank_type' => 'CFT',
  'cash_fee' => '1',
  'fee_type' => 'CNY',
  'is_subscribe' => 'Y',
  'mch_id' => '1238127002',
  'nonce_str' => '01jfr4djevaxxqmdlhsi889vacsiy2cq',
  'openid' => 'otuUIuA7qA9FFwjBc4wid98ioLq4',
  'out_trade_no' => '20181008185150413714',
  'result_code' => 'SUCCESS',
  'return_code' => 'SUCCESS',
  'sign' => '250D81970DCE75E5F76B061485DEEEDF',
  'time_end' => '20181008185220',
  'total_fee' => '1',
  'trade_type' => 'JSAPI',
  'transaction_id' => '4200000186201810082028951901',
)
[2018/10/08 18:53:54] MSG - wx75e3e6e9c127d509 - Payment notification signature verification success.array (
  'appid' => 'wx75e3e6e9c127d509',
  'bank_type' => 'CFT',
  'cash_fee' => '1',
  'fee_type' => 'CNY',
  'is_subscribe' => 'Y',
  'mch_id' => '1238127002',
  'nonce_str' => 'hnxssaktbwo9fhypb5fp1zs4nqtgsplz',
  'openid' => 'otuUIuA7qA9FFwjBc4wid98ioLq4',
  'out_trade_no' => '20181008185348528494',
  'result_code' => 'SUCCESS',
  'return_code' => 'SUCCESS',
  'sign' => 'BA36B680A149D223A6DE529281FCFE53',
  'time_end' => '20181008185418',
  'total_fee' => '1',
  'trade_type' => 'JSAPI',
  'transaction_id' => '4200000175201810084699377355',
)
